<?xml version="1.0" encoding="UTF-8"?>


<test-list>


<!--测试初始化是否正确	 init  -->
<!--
	<test name="init" version="1" path="org/software/sphere/society/platform/pipeline/test/pipeline/init/init1.pipeline.xml">
		<function>
			<line>测试整个上下文的初始化是否正确</line>
		</function>
		<inner-flow></inner-flow>
		<outer-flow>
			<line>1, 启动OutputServer</line>
			<line>2, 运行此程序</line>
		</outer-flow>
	</test>
	 -->
 <!-- 
	<test name="init" version="2" path="org/software/sphere/society/platform/pipeline/test/pipeline/init/init2.pipeline.xml">
		<function>
			<line>测试整个上下文的初始化是否正确</line>
		</function>
		<inner-flow></inner-flow>
		<outer-flow>
			<line>1, 启动OutputServer</line>
			<line>2, 运行此程序</line>
		</outer-flow>
	</test>
-->
<!-- 测试是否能够获取获取整个上下文的变量 
	<test name="get" version="1" path="org/software/sphere/society/platform/pipeline/test/pipeline/get/get1.pipeline.xml">
		<function>
			<line>测试是否能够获取获取整个上下文的变量</line>
		</function>
		<inner-flow></inner-flow>
		<outer-flow>
			<line>1, 启动OutputServer</line>
			<line>2, 运行此程序</line>
		</outer-flow>
	</test> 
-->
<!-- 
 	<test name="get" version="2" path="org/software/sphere/society/platform/pipeline/test/pipeline/get/get2.pipeline.xml">
		<function>
			<line>测试是否能够获取获取整个上下文的变量</line>
		</function>
		<inner-flow></inner-flow>
		<outer-flow>
			<line>1, 启动OutputServer</line>
			<line>2, 运行此程序</line>
		</outer-flow>
	</test> 
  -->	
 	<!-- 输出测试  输出 pipeline speak : hello world!
	<test name="out" version="1" path="org/software/sphere/society/platform/pipeline/test/pipeline/out/out1.pipeline.xml">
		<function>
			<line>输出pipeline speak : hello world!</line>
		</function>
		<inner-flow></inner-flow>
		<outer-flow>
			<line>1, 运行　输出服务器server/org/software/sphere/society/platform/pipeline/server/OutputServer.java</line>
			<line>2, 运行TestList</line>
			<line>3, 到输出服务器查看输出结果</line>
		</outer-flow>
	</test>
-->
	<!--  使用顺序流程连续输出两个pipeline speak : hello world!	
	<test name="out" version="2" path="org/software/sphere/society/platform/pipeline/test/pipeline/out/out2.pipeline.xml">
		<function>
			<line>连续输出两个pipeline speak : hello world!</line>
		</function>
		<inner-flow></inner-flow>
		<outer-flow>
			<line>1, 运行　输出服务器server/org/software/sphere/society/platform/pipeline/server/OutputServer.java</line>
			<line>2, 运行TestList</line>
			<line>3, 到输出服务器查看输出结果</line>
		</outer-flow>
	</test>
-->

<!--  输入测试 -->	
 	<test name="in" version="1" path="org/software/sphere/society/platform/pipeline/test/pipeline/in/in1.pipeline.xml">
		<function>
			<line>测试外部输入</line>
		</function>
		<inner-flow></inner-flow>
		<outer-flow>
			<line>1, 启动InputServer</line>
			<line>2, 运行此程序</line>
		</outer-flow>
	</test> 
</test-list>
